<?xml version="1.0" encoding="UTF-8"?>
<coverage generated="1654004152509" clover="3.2.0">
  <project timestamp="1654004152510" name="All files">
    <metrics statements="37" coveredstatements="35" conditionals="2" coveredconditionals="1" methods="6" coveredmethods="5" elements="45" coveredelements="41" complexity="0" loc="37" ncloc="37" packages="4" files="5" classes="5"/>
    <package name="src">
      <metrics statements="14" coveredstatements="12" conditionals="2" coveredconditionals="1" methods="1" coveredmethods="0"/>
      <file name="app.js" path="C:\Users\SGC\Desktop\express-structure\src\app.js">
        <metrics statements="14" coveredstatements="12" conditionals="2" coveredconditionals="1" methods="1" coveredmethods="0"/>
        <line num="11" count="1" type="stmt"/>
        <line num="13" count="1" type="stmt"/>
        <line num="17" count="1" type="stmt"/>
        <line num="18" count="1" type="stmt"/>
        <line num="19" count="1" type="stmt"/>
        <line num="20" count="1" type="stmt"/>
        <line num="22" count="1" type="cond" truecount="1" falsecount="1"/>
        <line num="23" count="0" type="stmt"/>
        <line num="26" count="0" type="stmt"/>
        <line num="31" count="1" type="stmt"/>
        <line num="34" count="1" type="stmt"/>
        <line num="36" count="1" type="stmt"/>
        <line num="42" count="1" type="stmt"/>
        <line num="44" count="1" type="stmt"/>
      </file>
    </package>
    <package name="src.config">
      <metrics statements="4" coveredstatements="4" conditionals="0" coveredconditionals="0" methods="0" coveredmethods="0"/>
      <file name="env.js" path="C:\Users\SGC\Desktop\express-structure\src\config\env.js">
        <metrics statements="1" coveredstatements="1" conditionals="0" coveredconditionals="0" methods="0" coveredmethods="0"/>
        <line num="3" count="1" type="stmt"/>
      </file>
      <file name="swaggerDoc.js" path="C:\Users\SGC\Desktop\express-structure\src\config\swaggerDoc.js">
        <metrics statements="3" coveredstatements="3" conditionals="0" coveredconditionals="0" methods="0" coveredmethods="0"/>
        <line num="3" count="1" type="stmt"/>
        <line num="5" count="1" type="stmt"/>
        <line num="30" count="1" type="stmt"/>
      </file>
    </package>
    <package name="src.routers">
      <metrics statements="6" coveredstatements="6" conditionals="0" coveredconditionals="0" methods="0" coveredmethods="0"/>
      <file name="basicRouter.js" path="C:\Users\SGC\Desktop\express-structure\src\routers\basicRouter.js">
        <metrics statements="6" coveredstatements="6" conditionals="0" coveredconditionals="0" methods="0" coveredmethods="0"/>
        <line num="3" count="1" type="stmt"/>
        <line num="24" count="1" type="stmt"/>
        <line num="38" count="1" type="stmt"/>
        <line num="61" count="1" type="stmt"/>
        <line num="79" count="1" type="stmt"/>
        <line num="96" count="1" type="stmt"/>
      </file>
    </package>
    <package name="src.services">
      <metrics statements="13" coveredstatements="13" conditionals="0" coveredconditionals="0" methods="5" coveredmethods="5"/>
      <file name="basicService.js" path="C:\Users\SGC\Desktop\express-structure\src\services\basicService.js">
        <metrics statements="13" coveredstatements="13" conditionals="0" coveredconditionals="0" methods="5" coveredmethods="5"/>
        <line num="1" count="1" type="stmt"/>
        <line num="3" count="1" type="stmt"/>
        <line num="7" count="1" type="stmt"/>
        <line num="10" count="1" type="stmt"/>
        <line num="13" count="1" type="stmt"/>
        <line num="14" count="1" type="stmt"/>
        <line num="18" count="1" type="stmt"/>
        <line num="21" count="1" type="stmt"/>
        <line num="22" count="1" type="stmt"/>
        <line num="26" count="1" type="stmt"/>
        <line num="29" count="1" type="stmt"/>
        <line num="30" count="1" type="stmt"/>
        <line num="34" count="1" type="stmt"/>
      </file>
    </package>
  </project>
</coverage>
