{"C:\\Users\\SGC\\Desktop\\express-structure\\src\\app.js": {"path":"C:\\Users\\SGC\\Desktop\\express-structure\\src\\app.js","statementMap":{"0":{"start":{"line":11,"column":19},"end":{"line":11,"column":28}},"1":{"start":{"line":13,"column":0},"end":{"line":15,"column":3}},"2":{"start":{"line":17,"column":0},"end":{"line":17,"column":16}},"3":{"start":{"line":18,"column":0},"end":{"line":18,"column":24}},"4":{"start":{"line":19,"column":0},"end":{"line":19,"column":49}},"5":{"start":{"line":20,"column":0},"end":{"line":20,"column":23}},"6":{"start":{"line":22,"column":0},"end":{"line":32,"column":1}},"7":{"start":{"line":23,"column":2},"end":{"line":29,"column":4}},"8":{"start":{"line":26,"column":8},"end":{"line":26,"column":36}},"9":{"start":{"line":31,"column":2},"end":{"line":31,"column":25}},"10":{"start":{"line":34,"column":0},"end":{"line":34,"column":42}},"11":{"start":{"line":36,"column":0},"end":{"line":40,"column":2}},"12":{"start":{"line":42,"column":0},"end":{"line":42,"column":21}},"13":{"start":{"line":44,"column":0},"end":{"line":44,"column":40}}},"fnMap":{"0":{"name":"(anonymous_0)","decl":{"start":{"line":25,"column":12},"end":{"line":25,"column":13}},"loc":{"start":{"line":25,"column":32},"end":{"line":27,"column":7}},"line":25}},"branchMap":{"0":{"loc":{"start":{"line":22,"column":0},"end":{"line":32,"column":1}},"type":"if","locations":[{"start":{"line":22,"column":0},"end":{"line":32,"column":1}},{"start":{"line":30,"column":7},"end":{"line":32,"column":1}}],"line":22}},"s":{"0":1,"1":1,"2":1,"3":1,"4":1,"5":1,"6":1,"7":0,"8":0,"9":1,"10":1,"11":1,"12":1,"13":1},"f":{"0":0},"b":{"0":[0,1]},"_coverageSchema":"1a1c01bbd47fc00a2c39e90264f33305004495a9","hash":"263319e429a444687c93800de6f5e3dd7556b0af"}
,"C:\\Users\\SGC\\Desktop\\express-structure\\src\\config\\env.js": {"path":"C:\\Users\\SGC\\Desktop\\express-structure\\src\\config\\env.js","statementMap":{"0":{"start":{"line":3,"column":0},"end":{"line":3,"column":16}}},"fnMap":{},"branchMap":{},"s":{"0":1},"f":{},"b":{},"_coverageSchema":"1a1c01bbd47fc00a2c39e90264f33305004495a9","hash":"0264a591f74d8556576200c57a46a256cae0cdff"}
,"C:\\Users\\SGC\\Desktop\\express-structure\\src\\config\\swaggerDoc.js": {"path":"C:\\Users\\SGC\\Desktop\\express-structure\\src\\config\\swaggerDoc.js","statementMap":{"0":{"start":{"line":3,"column":18},"end":{"line":3,"column":32}},"1":{"start":{"line":5,"column":16},"end":{"line":28,"column":1}},"2":{"start":{"line":30,"column":21},"end":{"line":30,"column":42}}},"fnMap":{},"branchMap":{},"s":{"0":1,"1":1,"2":1},"f":{},"b":{},"_coverageSchema":"1a1c01bbd47fc00a2c39e90264f33305004495a9","hash":"32bd41b09ba270940dcafc67117b7e464bf8e5b2"}
,"C:\\Users\\SGC\\Desktop\\express-structure\\src\\routers\\basicRouter.js": {"path":"C:\\Users\\SGC\\Desktop\\express-structure\\src\\routers\\basicRouter.js","statementMap":{"0":{"start":{"line":3,"column":20},"end":{"line":3,"column":28}},"1":{"start":{"line":24,"column":0},"end":{"line":24,"column":47}},"2":{"start":{"line":38,"column":0},"end":{"line":38,"column":50}},"3":{"start":{"line":61,"column":0},"end":{"line":61,"column":49}},"4":{"start":{"line":79,"column":0},"end":{"line":79,"column":50}},"5":{"start":{"line":96,"column":0},"end":{"line":96,"column":47}}},"fnMap":{},"branchMap":{},"s":{"0":1,"1":1,"2":1,"3":1,"4":1,"5":1},"f":{},"b":{},"_coverageSchema":"1a1c01bbd47fc00a2c39e90264f33305004495a9","hash":"2e177878d02c414d20d72d909f0eb57fa90edb83"}
,"C:\\Users\\SGC\\Desktop\\express-structure\\src\\services\\basicService.js": {"path":"C:\\Users\\SGC\\Desktop\\express-structure\\src\\services\\basicService.js","statementMap":{"0":{"start":{"line":1,"column":28},"end":{"line":36,"column":1}},"1":{"start":{"line":3,"column":17},"end":{"line":6,"column":5}},"2":{"start":{"line":7,"column":4},"end":{"line":7,"column":38}},"3":{"start":{"line":10,"column":4},"end":{"line":10,"column":45}},"4":{"start":{"line":13,"column":19},"end":{"line":13,"column":29}},"5":{"start":{"line":14,"column":17},"end":{"line":17,"column":5}},"6":{"start":{"line":18,"column":4},"end":{"line":18,"column":31}},"7":{"start":{"line":21,"column":21},"end":{"line":21,"column":29}},"8":{"start":{"line":22,"column":17},"end":{"line":25,"column":5}},"9":{"start":{"line":26,"column":4},"end":{"line":26,"column":31}},"10":{"start":{"line":29,"column":21},"end":{"line":29,"column":30}},"11":{"start":{"line":30,"column":17},"end":{"line":33,"column":5}},"12":{"start":{"line":34,"column":4},"end":{"line":34,"column":31}}},"fnMap":{"0":{"name":"(anonymous_0)","decl":{"start":{"line":2,"column":15},"end":{"line":2,"column":16}},"loc":{"start":{"line":2,"column":35},"end":{"line":8,"column":3}},"line":2},"1":{"name":"(anonymous_1)","decl":{"start":{"line":9,"column":13},"end":{"line":9,"column":14}},"loc":{"start":{"line":9,"column":33},"end":{"line":11,"column":3}},"line":9},"2":{"name":"(anonymous_2)","decl":{"start":{"line":12,"column":12},"end":{"line":12,"column":13}},"loc":{"start":{"line":12,"column":32},"end":{"line":19,"column":3}},"line":12},"3":{"name":"(anonymous_3)","decl":{"start":{"line":20,"column":12},"end":{"line":20,"column":13}},"loc":{"start":{"line":20,"column":32},"end":{"line":27,"column":3}},"line":20},"4":{"name":"(anonymous_4)","decl":{"start":{"line":28,"column":13},"end":{"line":28,"column":14}},"loc":{"start":{"line":28,"column":33},"end":{"line":35,"column":3}},"line":28}},"branchMap":{},"s":{"0":1,"1":1,"2":1,"3":1,"4":1,"5":1,"6":1,"7":1,"8":1,"9":1,"10":1,"11":1,"12":1},"f":{"0":1,"1":1,"2":1,"3":1,"4":1},"b":{},"_coverageSchema":"1a1c01bbd47fc00a2c39e90264f33305004495a9","hash":"f39035c87e7e4984cac4517d8913ca800c5acd66"}
}
