TN:
SF:src\app.js
FN:25,(anonymous_0)
FNF:1
FNH:0
FNDA:0,(anonymous_0)
DA:11,1
DA:13,1
DA:17,1
DA:18,1
DA:19,1
DA:20,1
DA:22,1
DA:23,0
DA:26,0
DA:31,1
DA:34,1
DA:36,1
DA:42,1
DA:44,1
LF:14
LH:12
BRDA:22,0,0,0
BRDA:22,0,1,1
BRF:2
BRH:1
end_of_record
TN:
SF:src\config\env.js
FNF:0
FNH:0
DA:3,1
LF:1
LH:1
BRF:0
BRH:0
end_of_record
TN:
SF:src\config\swaggerDoc.js
FNF:0
FNH:0
DA:3,1
DA:5,1
DA:30,1
LF:3
LH:3
BRF:0
BRH:0
end_of_record
TN:
SF:src\routers\basicRouter.js
FNF:0
FNH:0
DA:3,1
DA:24,1
DA:38,1
DA:61,1
DA:79,1
DA:96,1
LF:6
LH:6
BRF:0
BRH:0
end_of_record
TN:
SF:src\services\basicService.js
FN:2,(anonymous_0)
FN:9,(anonymous_1)
FN:12,(anonymous_2)
FN:20,(anonymous_3)
FN:28,(anonymous_4)
FNF:5
FNH:5
FNDA:1,(anonymous_0)
FNDA:1,(anonymous_1)
FNDA:1,(anonymous_2)
FNDA:1,(anonymous_3)
FNDA:1,(anonymous_4)
DA:1,1
DA:3,1
DA:7,1
DA:10,1
DA:13,1
DA:14,1
DA:18,1
DA:21,1
DA:22,1
DA:26,1
DA:29,1
DA:30,1
DA:34,1
LF:13
LH:13
BRF:0
BRH:0
end_of_record
